This is pdfTeX, Version 3.1415926-2.3-1.40.12 (TeX Live 2011) (format=pdflatex 2011.7.3)  3 MAY 2012 16:57
entering extended mode
 restricted \write18 enabled.
 %&-line parsing enabled.
**rough.tex
(./rough.tex
LaTeX2e <2009/09/24>
Babel <v3.8l> and hyphenation patterns for english, dumylang, nohyphenation, ge
rman-x-2009-06-19, ngerman-x-2009-06-19, afrikaans, ancientgreek, ibycus, arabi
c, armenian, basque, bulgarian, catalan, pinyin, coptic, croatian, czech, danis
h, dutch, ukenglish, usenglishmax, esperanto, estonian, ethiopic, farsi, finnis
h, french, galician, german, ngerman, swissgerman, monogreek, greek, hungarian,
 icelandic, assamese, bengali, gujarati, hindi, kannada, malayalam, marathi, or
iya, panjabi, tamil, telugu, indonesian, interlingua, irish, italian, kurmanji,
 lao, latin, latvian, lithuanian, mongolian, mongolianlmc, bokmal, nynorsk, pol
ish, portuguese, romanian, russian, sanskrit, serbian, serbianc, slovak, sloven
ian, spanish, swedish, turkish, turkmen, ukrainian, uppersorbian, welsh, loaded
.
(/usr/local/texlive/2011/texmf-dist/tex/latex/base/report.cls
Document Class: report 2007/10/19 v1.4h Standard LaTeX document class
(/usr/local/texlive/2011/texmf-dist/tex/latex/base/size12.clo
File: size12.clo 2007/10/19 v1.4h Standard LaTeX file (size option)
)
\c@part=\count79
\c@chapter=\count80
\c@section=\count81
\c@subsection=\count82
\c@subsubsection=\count83
\c@paragraph=\count84
\c@subparagraph=\count85
\c@figure=\count86
\c@table=\count87
\abovecaptionskip=\skip41
\belowcaptionskip=\skip42
\bibindent=\dimen102
)
(/usr/local/texlive/2011/texmf-dist/tex/latex/base/inputenc.sty
Package: inputenc 2008/03/30 v1.1d Input encoding file
\inpenc@prehook=\toks14
\inpenc@posthook=\toks15

(/usr/local/texlive/2011/texmf-dist/tex/latex/base/latin1.def
File: latin1.def 2008/03/30 v1.1d Input encoding file
))
(/usr/local/texlive/2011/texmf-dist/tex/latex/amsmath/amsmath.sty
Package: amsmath 2000/07/18 v2.13 AMS math features
\@mathmargin=\skip43

For additional information on amsmath, use the `?' option.
(/usr/local/texlive/2011/texmf-dist/tex/latex/amsmath/amstext.sty
Package: amstext 2000/06/29 v2.01

(/usr/local/texlive/2011/texmf-dist/tex/latex/amsmath/amsgen.sty
File: amsgen.sty 1999/11/30 v2.0
\@emptytoks=\toks16
\ex@=\dimen103
))
(/usr/local/texlive/2011/texmf-dist/tex/latex/amsmath/amsbsy.sty
Package: amsbsy 1999/11/29 v1.2d
\pmbraise@=\dimen104
)
(/usr/local/texlive/2011/texmf-dist/tex/latex/amsmath/amsopn.sty
Package: amsopn 1999/12/14 v2.01 operator names
)
\inf@bad=\count88
LaTeX Info: Redefining \frac on input line 211.
\uproot@=\count89
\leftroot@=\count90
LaTeX Info: Redefining \overline on input line 307.
\classnum@=\count91
\DOTSCASE@=\count92
LaTeX Info: Redefining \ldots on input line 379.
LaTeX Info: Redefining \dots on input line 382.
LaTeX Info: Redefining \cdots on input line 467.
\Mathstrutbox@=\box26
\strutbox@=\box27
\big@size=\dimen105
LaTeX Font Info:    Redeclaring font encoding OML on input line 567.
LaTeX Font Info:    Redeclaring font encoding OMS on input line 568.
\macc@depth=\count93
\c@MaxMatrixCols=\count94
\dotsspace@=\muskip10
\c@parentequation=\count95
\dspbrk@lvl=\count96
\tag@help=\toks17
\row@=\count97
\column@=\count98
\maxfields@=\count99
\andhelp@=\toks18
\eqnshift@=\dimen106
\alignsep@=\dimen107
\tagshift@=\dimen108
\tagwidth@=\dimen109
\totwidth@=\dimen110
\lineht@=\dimen111
\@envbody=\toks19
\multlinegap=\skip44
\multlinetaggap=\skip45
\mathdisplay@stack=\toks20
LaTeX Info: Redefining \[ on input line 2666.
LaTeX Info: Redefining \] on input line 2667.
)
(/usr/local/texlive/2011/texmf-dist/tex/latex/amsfonts/amsfonts.sty
Package: amsfonts 2009/06/22 v3.00 Basic AMSFonts support
\symAMSa=\mathgroup4
\symAMSb=\mathgroup5
LaTeX Font Info:    Overwriting math alphabet `\mathfrak' in version `bold'
(Font)                  U/euf/m/n --> U/euf/b/n on input line 96.
)
(/usr/local/texlive/2011/texmf-dist/tex/latex/amsfonts/amssymb.sty
Package: amssymb 2009/06/22 v3.00
)
(/usr/local/texlive/2011/texmf-dist/tex/latex/subfig/subfig.sty
Package: subfig 2005/06/28 ver: 1.3 subfig package

(/usr/local/texlive/2011/texmf-dist/tex/latex/graphics/keyval.sty
Package: keyval 1999/03/16 v1.13 key=value parser (DPC)
\KV@toks@=\toks21
)
(/usr/local/texlive/2011/texmf-dist/tex/latex/caption/caption.sty
Package: caption 2010/01/09 v3.1m Customizing captions (AR)

(/usr/local/texlive/2011/texmf-dist/tex/latex/caption/caption3.sty
Package: caption3 2010/01/14 v3.1m caption3 kernel (AR)
\captionmargin=\dimen112
\captionmargin@=\dimen113
\captionwidth=\dimen114
\caption@indent=\dimen115
\caption@parindent=\dimen116
\caption@hangindent=\dimen117
)
\c@ContinuedFloat=\count100
)
\c@KVtest=\count101
\sf@farskip=\skip46
\sf@captopadj=\dimen118
\sf@capskip=\skip47
\sf@nearskip=\skip48
\c@subfigure=\count102
\c@subfigure@save=\count103
\c@lofdepth=\count104
\c@subtable=\count105
\c@subtable@save=\count106
\c@lotdepth=\count107
\sf@top=\skip49
\sf@bottom=\skip50
)
(/usr/local/texlive/2011/texmf-dist/tex/latex/graphics/graphicx.sty
Package: graphicx 1999/02/16 v1.0f Enhanced LaTeX Graphics (DPC,SPQR)

(/usr/local/texlive/2011/texmf-dist/tex/latex/graphics/graphics.sty
Package: graphics 2009/02/05 v1.0o Standard LaTeX Graphics (DPC,SPQR)

(/usr/local/texlive/2011/texmf-dist/tex/latex/graphics/trig.sty
Package: trig 1999/03/16 v1.09 sin cos tan (DPC)
)
(/usr/local/texlive/2011/texmf-dist/tex/latex/latexconfig/graphics.cfg
File: graphics.cfg 2010/04/23 v1.9 graphics configuration of TeX Live
)
Package graphics Info: Driver file: pdftex.def on input line 91.

(/usr/local/texlive/2011/texmf-dist/tex/latex/pdftex-def/pdftex.def
File: pdftex.def 2011/05/27 v0.06d Graphics/color for pdfTeX

(/usr/local/texlive/2011/texmf-dist/tex/generic/oberdiek/infwarerr.sty
Package: infwarerr 2010/04/08 v1.3 Providing info/warning/message (HO)
)
(/usr/local/texlive/2011/texmf-dist/tex/generic/oberdiek/ltxcmds.sty
Package: ltxcmds 2011/04/18 v1.20 LaTeX kernel commands for general use (HO)
)
\Gread@gobject=\count108
))
\Gin@req@height=\dimen119
\Gin@req@width=\dimen120
)
(/usr/local/texlive/2011/texmf-dist/tex/latex/listings/listings.sty
\lst@mode=\count109
\lst@gtempboxa=\box28
\lst@token=\toks22
\lst@length=\count110
\lst@currlwidth=\dimen121
\lst@column=\count111
\lst@pos=\count112
\lst@lostspace=\dimen122
\lst@width=\dimen123
\lst@newlines=\count113
\lst@lineno=\count114
\lst@maxwidth=\dimen124

(/usr/local/texlive/2011/texmf-dist/tex/latex/listings/lstmisc.sty
File: lstmisc.sty 2007/02/22 1.4 (Carsten Heinz)
\c@lstnumber=\count115
\lst@skipnumbers=\count116
\lst@framebox=\box29
)
(/usr/local/texlive/2011/texmf-dist/tex/latex/listings/listings.cfg
File: listings.cfg 2007/02/22 1.4 listings configuration
))
Package: listings 2007/02/22 1.4 (Carsten Heinz)

(/usr/local/texlive/2011/texmf-dist/tex/latex/colortbl/colortbl.sty
Package: colortbl 2001/02/13 v0.1j Color table columns (DPC)

(/usr/local/texlive/2011/texmf-dist/tex/latex/tools/array.sty
Package: array 2008/09/09 v2.4c Tabular extension package (FMi)
\col@sep=\dimen125
\extrarowheight=\dimen126
\NC@list=\toks23
\extratabsurround=\skip51
\backup@length=\skip52
)
(/usr/local/texlive/2011/texmf-dist/tex/latex/graphics/color.sty
Package: color 2005/11/14 v1.0j Standard LaTeX Color (DPC)

(/usr/local/texlive/2011/texmf-dist/tex/latex/latexconfig/color.cfg
File: color.cfg 2007/01/18 v1.5 color configuration of teTeX/TeXLive
)
Package color Info: Driver file: pdftex.def on input line 130.
)
\everycr=\toks24
\minrowclearance=\skip53
)
(/usr/local/texlive/2011/texmf-dist/tex/latex/tools/longtable.sty
Package: longtable 2004/02/01 v4.11 Multi-page Table package (DPC)
\LTleft=\skip54
\LTright=\skip55
\LTpre=\skip56
\LTpost=\skip57
\LTchunksize=\count117
\LTcapwidth=\dimen127
\LT@head=\box30
\LT@firsthead=\box31
\LT@foot=\box32
\LT@lastfoot=\box33
\LT@cols=\count118
\LT@rows=\count119
\c@LT@tables=\count120
\c@LT@chunks=\count121
\LT@p@ftn=\toks25
)
(/usr/local/texlive/2011/texmf-dist/tex/latex/pdfpages/pdfpages.sty
Package: pdfpages 2011/03/10 v0.4n Insert pages of external PDF documents (AM)

(/usr/local/texlive/2011/texmf-dist/tex/latex/base/ifthen.sty
Package: ifthen 2001/05/26 v1.1c Standard LaTeX ifthen package (DPC)
)
(/usr/local/texlive/2011/texmf-dist/tex/latex/tools/calc.sty
Package: calc 2007/08/22 v4.3 Infix arithmetic (KKT,FJ)
\calc@Acount=\count122
\calc@Bcount=\count123
\calc@Adimen=\dimen128
\calc@Bdimen=\dimen129
\calc@Askip=\skip58
\calc@Bskip=\skip59
LaTeX Info: Redefining \setlength on input line 76.
LaTeX Info: Redefining \addtolength on input line 77.
\calc@Ccount=\count124
\calc@Cskip=\skip60
)
(/usr/local/texlive/2011/texmf-dist/tex/latex/eso-pic/eso-pic.sty
Package: eso-pic 2010/10/06 v2.0c eso-pic (RN)

(/usr/local/texlive/2011/texmf-dist/tex/generic/oberdiek/atbegshi.sty
Package: atbegshi 2011/01/30 v1.15 At begin shipout hook (HO)

(/usr/local/texlive/2011/texmf-dist/tex/generic/oberdiek/ifpdf.sty
Package: ifpdf 2011/01/30 v2.3 Provides the ifpdf switch (HO)
Package ifpdf Info: pdfTeX in PDF mode is detected.
)))
(/usr/local/texlive/2011/texmf-dist/tex/latex/pdfpages/pppdftex.def
File: pppdftex.def 2011/03/10 v0.4n Pdfpages driver for pdfTeX (AM)
)
\AM@pagebox=\box34
\AM@toc@title=\toks26
\c@AM@survey=\count125
\AM@templatesizebox=\box35
)
(/usr/local/texlive/2011/texmf-dist/tex/latex/float/float.sty
Package: float 2001/11/08 v1.3d Float enhancements (AL)
\c@float@type=\count126
\float@exts=\toks27
\float@box=\box36
\@float@everytoks=\toks28
\@floatcapt=\box37
) (./rough.aux)
\openout1 = `rough.aux'.

LaTeX Font Info:    Checking defaults for OML/cmm/m/it on input line 15.
LaTeX Font Info:    ... okay on input line 15.
LaTeX Font Info:    Checking defaults for T1/cmr/m/n on input line 15.
LaTeX Font Info:    ... okay on input line 15.
LaTeX Font Info:    Checking defaults for OT1/cmr/m/n on input line 15.
LaTeX Font Info:    ... okay on input line 15.
LaTeX Font Info:    Checking defaults for OMS/cmsy/m/n on input line 15.
LaTeX Font Info:    ... okay on input line 15.
LaTeX Font Info:    Checking defaults for OMX/cmex/m/n on input line 15.
LaTeX Font Info:    ... okay on input line 15.
LaTeX Font Info:    Checking defaults for U/cmr/m/n on input line 15.
LaTeX Font Info:    ... okay on input line 15.
Package caption Info: Begin \AtBeginDocument code.
Package caption3 Info: subfig package 1.2 or 1.3 is loaded.
LaTeX Info: Redefining \subref on input line 15.
Package caption Info: float package is loaded.
Package caption Info: listings package is loaded.
Package caption Info: longtable package is loaded.

(/usr/local/texlive/2011/texmf-dist/tex/latex/caption/ltcaption.sty
Package: ltcaption 2008/03/28 v1.2 longtable captions (AR)
)
Package caption Info: End \AtBeginDocument code.

(/usr/local/texlive/2011/texmf-dist/tex/context/base/supp-pdf.mkii
[Loading MPS to PDF converter (version 2006.09.02).]
\scratchcounter=\count127
\scratchdimen=\dimen130
\scratchbox=\box38
\nofMPsegments=\count128
\nofMParguments=\count129
\everyMPshowfont=\toks29
\MPscratchCnt=\count130
\MPscratchDim=\dimen131
\MPnumerator=\count131
\makeMPintoPDFobject=\count132
\everyMPtoPDFconversion=\toks30
) (/usr/local/texlive/2011/texmf-dist/tex/generic/oberdiek/pdftexcmds.sty
Package: pdftexcmds 2011/04/22 v0.16 Utilities of pdfTeX for LuaTeX (HO)

(/usr/local/texlive/2011/texmf-dist/tex/generic/oberdiek/ifluatex.sty
Package: ifluatex 2010/03/01 v1.3 Provides the ifluatex switch (HO)
Package ifluatex Info: LuaTeX not detected.
)
Package pdftexcmds Info: LuaTeX not detected.
Package pdftexcmds Info: \pdf@primitive is available.
Package pdftexcmds Info: \pdf@ifprimitive is available.
Package pdftexcmds Info: \pdfdraftmode found.
)
(/usr/local/texlive/2011/texmf-dist/tex/latex/oberdiek/epstopdf-base.sty
Package: epstopdf-base 2010/02/09 v2.5 Base part for package epstopdf

(/usr/local/texlive/2011/texmf-dist/tex/latex/oberdiek/grfext.sty
Package: grfext 2010/08/19 v1.1 Managing graphics extensions (HO)

(/usr/local/texlive/2011/texmf-dist/tex/generic/oberdiek/kvdefinekeys.sty
Package: kvdefinekeys 2011/04/07 v1.3 Defining keys (HO)
))
(/usr/local/texlive/2011/texmf-dist/tex/latex/oberdiek/kvoptions.sty
Package: kvoptions 2010/12/23 v3.10 Keyval support for LaTeX options (HO)

(/usr/local/texlive/2011/texmf-dist/tex/generic/oberdiek/kvsetkeys.sty
Package: kvsetkeys 2011/04/07 v1.13 Key value parser (HO)

(/usr/local/texlive/2011/texmf-dist/tex/generic/oberdiek/etexcmds.sty
Package: etexcmds 2011/02/16 v1.5 Prefix for e-TeX command names (HO)
Package etexcmds Info: Could not find \expanded.
(etexcmds)             That can mean that you are not using pdfTeX 1.50 or
(etexcmds)             that some package has redefined \expanded.
(etexcmds)             In the latter case, load this package earlier.
)))
Package grfext Info: Graphics extension search list:
(grfext)             [.png,.pdf,.jpg,.mps,.jpeg,.jbig2,.jb2,.PNG,.PDF,.JPG,.JPE
G,.JBIG2,.JB2,.eps]
(grfext)             \AppendGraphicsExtensions on input line 452.

(/usr/local/texlive/2011/texmf-dist/tex/latex/latexconfig/epstopdf-sys.cfg
File: epstopdf-sys.cfg 2010/07/13 v1.3 Configuration of (r)epstopdf for TeX Liv
e
))
\c@lstlisting=\count133
\AtBeginShipoutBox=\box39

[1

{/usr/local/texlive/2011/texmf-var/fonts/map/pdftex/updmap/pdftex.map}]
(./rough.toc
LaTeX Font Info:    Try loading font information for U+msa on input line 6.
 (/usr/local/texlive/2011/texmf-dist/tex/latex/amsfonts/umsa.fd
File: umsa.fd 2009/06/22 v3.00 AMS symbols A
)
LaTeX Font Info:    Try loading font information for U+msb on input line 6.

(/usr/local/texlive/2011/texmf-dist/tex/latex/amsfonts/umsb.fd
File: umsb.fd 2009/06/22 v3.00 AMS symbols B
))
\tf@toc=\write3
\openout3 = `rough.toc'.

 [1

]
(./rough.lot)
\tf@lot=\write4
\openout4 = `rough.lot'.

 [2

] (./rough.lof)
\tf@lof=\write5
\openout5 = `rough.lof'.

 [3

] [4

] [5

]
Chapter 1.
[1

] [2]
Chapter 2.
[3

] [4]
Chapter 3.
<images/roomba.png, id=39, 381.425pt x 381.425pt>
File: images/roomba.png Graphic file (type png)
 <use images/roomba.png>
Package pdftex.def Info: images/roomba.png used on input line 115.
(pdftex.def)             Requested size: 117.00119pt x 117.00084pt.

<images/Samsung.jpg, id=41, 443.6575pt x 579.16376pt>
File: images/Samsung.jpg Graphic file (type jpg)
 <use images/Samsung.jpg>
Package pdftex.def Info: images/Samsung.jpg used on input line 117.
(pdftex.def)             Requested size: 117.00119pt x 152.73532pt.

<images/xbox-360.jpg, id=42, 681.54625pt x 483.8075pt>
File: images/xbox-360.jpg Graphic file (type jpg)

<use images/xbox-360.jpg>
Package pdftex.def Info: images/xbox-360.jpg used on input line 119.
(pdftex.def)             Requested size: 117.00119pt x 83.05086pt.

Underfull \hbox (badness 1248) in paragraph at lines 119--119
[]\OT1/cmr/m/n/10 (c) |An XBOX 360 con-
 []

[5

 <./images/roomba.png> <./images/Samsung.jpg> <./images/xbox-360.jpg>]
<images/xbox_diagram.png, id=48, 515.9275pt x 386.44376pt>
File: images/xbox_diagram.png Graphic file (type png)

<use images/xbox_diagram.png>
Package pdftex.def Info: images/xbox_diagram.png used on input line 133.
(pdftex.def)             Requested size: 206.36734pt x 154.57475pt.
 [6 <./images/xbox_diagram.png>]
<images/dpad.png, id=53, 481.8pt x 803.0pt>
File: images/dpad.png Graphic file (type png)
 <use images/dpad.png>
Package pdftex.def Info: images/dpad.png used on input line 143.
(pdftex.def)             Requested size: 144.5411pt x 240.90186pt.

<images/tilt.png, id=54, 481.8pt x 803.0pt>
File: images/tilt.png Graphic file (type png)
 <use images/tilt.png>
Package pdftex.def Info: images/tilt.png used on input line 145.
(pdftex.def)             Requested size: 144.5411pt x 240.90186pt.
 [7 <./images/dpad.png> <./images/tilt.png>]
<images/acceleration_axes.jpg, id=59, 368.37625pt x 391.4625pt>
File: images/acceleration_axes.jpg Graphic file (type jpg)

<use images/acceleration_axes.jpg>
Package pdftex.def Info: images/acceleration_axes.jpg used on input line 156.
(pdftex.def)             Requested size: 184.18767pt x 195.73076pt.

<images/gesture_framework.png, id=60, 534.798pt x 389.455pt>
File: images/gesture_framework.png Graphic file (type png)

<use images/gesture_framework.png>
Package pdftex.def Info: images/gesture_framework.png used on input line 170.
(pdftex.def)             Requested size: 390.0pt x 284.01453pt.


LaTeX Warning: `h' float specifier changed to `ht'.

[8 <./images/acceleration_axes.jpg>] [9 <./images/gesture_framework.png>]
<images/gesture.png, id=69, 481.8pt x 803.0pt>
File: images/gesture.png Graphic file (type png)
 <use images/gesture.png>
Package pdftex.def Info: images/gesture.png used on input line 189.
(pdftex.def)             Requested size: 96.35829pt x 160.59715pt.

[10 <./images/gesture.png>] <images/forward.jpg, id=74, 1084.05pt x 722.7pt>
File: images/forward.jpg Graphic file (type jpg)

<use images/forward.jpg>
Package pdftex.def Info: images/forward.jpg used on input line 204.
(pdftex.def)             Requested size: 195.0pt x 129.99216pt.
 <images/backward.jpg, id=75, 1084.05pt x 722.7pt>
File: images/backward.jpg Graphic file (type jpg)

<use images/backward.jpg>
Package pdftex.def Info: images/backward.jpg used on input line 207.
(pdftex.def)             Requested size: 195.0pt x 129.99216pt.

Overfull \hbox (5.22217pt too wide) in paragraph at lines 204--208
 [][]  [] 
 []

<images/left.jpg, id=76, 1084.05pt x 722.7pt>
File: images/left.jpg Graphic file (type jpg)
 <use images/left.jpg>
Package pdftex.def Info: images/left.jpg used on input line 210.
(pdftex.def)             Requested size: 195.0pt x 129.99216pt.

<images/right.jpg, id=77, 1084.05pt x 722.7pt>
File: images/right.jpg Graphic file (type jpg)
 <use images/right.jpg>
Package pdftex.def Info: images/right.jpg used on input line 213.
(pdftex.def)             Requested size: 195.0pt x 129.99216pt.

Overfull \hbox (5.22217pt too wide) in paragraph at lines 210--214
 [][]  [] 
 []

[11 <./images/forward.jpg> <./images/backward.jpg> <./images/left.jpg> <./image
s/right.jpg>]
Chapter 4.
[12

] <images/mario_circuit_screenshot.jpg, id=85, 401.5pt x 316.18124pt>
File: images/mario_circuit_screenshot.jpg Graphic file (type jpg)

<use images/mario_circuit_screenshot.jpg>
Package pdftex.def Info: images/mario_circuit_screenshot.jpg used on input line
 232.
(pdftex.def)             Requested size: 195.0pt x 153.56482pt.

<images/MarioCircuitLayout.png, id=86, 288.07625pt x 436.63126pt>
File: images/MarioCircuitLayout.png Graphic file (type png)

<use images/MarioCircuitLayout.png>
Package pdftex.def Info: images/MarioCircuitLayout.png used on input line 234.
(pdftex.def)             Requested size: 195.0pt x 295.56618pt.

Overfull \hbox (5.22217pt too wide) in paragraph at lines 232--235
 [][]  [] 
 []

[13 <./images/mario_circuit_screenshot.jpg> <./images/MarioCircuitLayout.png>]
LaTeX Font Info:    Try loading font information for OMS+cmr on input line 244.


(/usr/local/texlive/2011/texmf-dist/tex/latex/base/omscmr.fd
File: omscmr.fd 1999/05/25 v2.5h Standard LaTeX font definitions
)
LaTeX Font Info:    Font shape `OMS/cmr/m/n' in size <12> not available
(Font)              Font shape `OMS/cmsy/m/n' tried instead on input line 244.
 [14] [15]
Chapter 5.
[16

] [17] <images/sm_50.png, id=103, 602.25pt x 451.6875pt>
File: images/sm_50.png Graphic file (type png)

<use images/sm_50.png>
Package pdftex.def Info: images/sm_50.png used on input line 304.
(pdftex.def)             Requested size: 325.215pt x 243.92139pt.
 [18 <./images/sm_50.png>]
<images/sm_51.png, id=108, 602.25pt x 451.6875pt>
File: images/sm_51.png Graphic file (type png)
 <use images/sm_51.png>
Package pdftex.def Info: images/sm_51.png used on input line 315.
(pdftex.def)             Requested size: 325.215pt x 243.92139pt.

<images/sm_52.png, id=109, 602.25pt x 451.6875pt>
File: images/sm_52.png Graphic file (type png)
 <use images/sm_52.png>
Package pdftex.def Info: images/sm_52.png used on input line 324.
(pdftex.def)             Requested size: 325.215pt x 243.92139pt.


LaTeX Warning: `!h' float specifier changed to `!ht'.

<images/sm_53.png, id=110, 602.25pt x 451.6875pt>
File: images/sm_53.png Graphic file (type png)
 <use images/sm_53.png>
Package pdftex.def Info: images/sm_53.png used on input line 333.
(pdftex.def)             Requested size: 325.215pt x 243.92139pt.


LaTeX Warning: `!h' float specifier changed to `!ht'.

[19 <./images/sm_51.png>] [20 <./images/sm_52.png>] [21 <./images/sm_53.png>]
[22]
Chapter 6.
(./rough.bbl [23

] [24

]) [25]
(/usr/local/texlive/2011/texmf-dist/tex/latex/listings/lstlang1.sty
File: lstlang1.sty 2004/09/05 1.3 listings language file
)
(./DTWAlgorithm.java
LaTeX Font Info:    Font shape `OMS/cmr/m/it' in size <12> not available
(Font)              Font shape `OMS/cmsy/m/n' tried instead on input line 1.
 [26


]
LaTeX Font Info:    Try loading font information for OML+cmr on input line 32.

(/usr/local/texlive/2011/texmf-dist/tex/latex/base/omlcmr.fd
File: omlcmr.fd 1999/05/25 v2.5h Standard LaTeX font definitions
)
LaTeX Font Info:    Font shape `OML/cmr/m/n' in size <12> not available
(Font)              Font shape `OML/cmm/m/it' tried instead on input line 32.
 [27] [28])
[29] (./rough.aux) ) 
Here is how much of TeX's memory you used:
 6437 strings out of 493633
 93017 string characters out of 3143378
 371162 words of memory out of 3000000
 9596 multiletter control sequences out of 15000+200000
 10840 words of font info for 41 fonts, out of 3000000 for 9000
 831 hyphenation exceptions out of 8191
 44i,10n,45p,1056b,1635s stack positions out of 5000i,500n,10000p,200000b,50000s
</usr/local/texlive/2011/texmf-dist/fonts/type1/public/amsf
onts/cm/cmbx12.pfb></usr/local/texlive/2011/texmf-dist/fonts/type1/public/amsfo
nts/cm/cmmi12.pfb></usr/local/texlive/2011/texmf-dist/fonts/type1/public/amsfon
ts/cm/cmr10.pfb></usr/local/texlive/2011/texmf-dist/fonts/type1/public/amsfonts
/cm/cmr12.pfb></usr/local/texlive/2011/texmf-dist/fonts/type1/public/amsfonts/c
m/cmr17.pfb></usr/local/texlive/2011/texmf-dist/fonts/type1/public/amsfonts/cm/
cmr8.pfb></usr/local/texlive/2011/texmf-dist/fonts/type1/public/amsfonts/cm/cms
l12.pfb></usr/local/texlive/2011/texmf-dist/fonts/type1/public/amsfonts/cm/cmsy
10.pfb></usr/local/texlive/2011/texmf-dist/fonts/type1/public/amsfonts/cm/cmti1
2.pfb></usr/local/texlive/2011/texmf-dist/fonts/type1/public/amsfonts/cm/cmtt10
.pfb></usr/local/texlive/2011/texmf-dist/fonts/type1/public/amsfonts/cm/cmtt12.
pfb>
Output written on rough.pdf (35 pages, 1867155 bytes).
PDF statistics:
 188 PDF objects out of 1000 (max. 8388607)
 112 compressed objects within 2 object streams
 0 named destinations out of 1000 (max. 500000)
 96 words of extra memory for PDF output out of 10000 (max. 10000000)

